
   INFO  Server running on [http://127.0.0.1:8000].  

  Press Ctrl+C to stop the server

  2025-11-22 01:54:59 / .......................................... ~ 500.96ms
  2025-11-22 01:55:00 /favicon.ico ................................. ~ 0.27ms
  Failed to listen on 127.0.0.1:8000 (reason: Address already in use)
  Failed to listen on 127.0.0.1:8001 (reason: Address already in use)

   INFO  Server running on [http://127.0.0.1:8002].  

  Press Ctrl+C to stop the server

  2025-11-22 01:56:46 / ............................................ ~ 0.17ms
  2025-11-22 01:56:46 /favicon.ico ................................. ~ 0.46ms
  2025-11-22 02:19:28 / ............................................ ~ 0.92ms
  2025-11-22 02:19:28 /login ..................................... ~ 500.26ms
  2025-11-22 02:20:13 /login ....................................... ~ 0.13ms
  2025-11-22 02:20:13 /favicon.ico ................................. ~ 0.44ms
  2025-11-22 02:20:38 / ............................................ ~ 0.14ms
  2025-11-22 02:25:48 / ............................................ ~ 0.14ms
  2025-11-22 02:26:43 / ............................................ ~ 0.56ms
  2025-11-22 02:26:43 /favicon.ico ................................. ~ 0.23ms
  2025-11-22 02:32:24 / ............................................ ~ 0.80ms
  2025-11-22 02:32:24 /favicon.ico ................................. ~ 0.30ms
